::1 - - [24/Apr/2024:22:16:37 -0300] "GET / HTTP/1.1" 200 1598
::1 - - [24/Apr/2024:22:16:37 -0300] "GET /?getimg=title HTTP/1.1" 200 6119
::1 - - [24/Apr/2024:22:16:37 -0300] "GET /?getimg=folder HTTP/1.1" 200 537
::1 - - [24/Apr/2024:22:16:37 -0300] "GET /?getimg=favicon HTTP/1.1" 200 5430
::1 - - [24/Apr/2024:22:16:42 -0300] "GET /?getimg=favicon HTTP/1.1" 200 5430
::1 - - [26/Apr/2024:10:22:31 -0300] "GET / HTTP/1.1" 200 9
::1 - - [26/Apr/2024:10:22:31 -0300] "GET /favicon.ico HTTP/1.1" 404 308
::1 - - [26/Apr/2024:10:22:31 -0300] "GET /?getimg=favicon HTTP/1.1" 200 9
::1 - - [13/May/2024:07:14:23 -0300] "GET / HTTP/1.1" 200 793
::1 - - [13/May/2024:07:14:23 -0300] "GET /icons/unknown.gif HTTP/1.1" 200 245
::1 - - [13/May/2024:07:14:23 -0300] "GET /icons/blank.gif HTTP/1.1" 200 148
::1 - - [13/May/2024:07:14:24 -0300] "GET /favicon.ico HTTP/1.1" 404 308
::1 - - [13/May/2024:07:14:27 -0300] "GET /calculoimc.php HTTP/1.1" 200 459
::1 - - [13/May/2024:07:14:38 -0300] "POST /calculoimc.php HTTP/1.1" 200 1888
::1 - - [13/May/2024:07:18:41 -0300] "POST /calculoimc.php HTTP/1.1" 200 1909
::1 - - [13/May/2024:07:28:03 -0300] "POST /calculoimc.php HTTP/1.1" 200 1931
::1 - - [13/May/2024:07:28:06 -0300] "POST /calculoimc.php HTTP/1.1" 200 1909
::1 - - [13/Jun/2024:14:06:04 -0300] "GET / HTTP/1.1" 200 793
::1 - - [13/Jun/2024:14:06:04 -0300] "GET /icons/blank.gif HTTP/1.1" 200 148
::1 - - [13/Jun/2024:14:06:04 -0300] "GET /icons/unknown.gif HTTP/1.1" 200 245
::1 - - [13/Jun/2024:14:06:04 -0300] "GET /favicon.ico HTTP/1.1" 404 308
::1 - - [13/Jun/2024:14:06:06 -0300] "GET /calculoimc.php HTTP/1.1" 200 459
::1 - - [13/Jun/2024:14:56:28 -0300] "GET / HTTP/1.1" 200 793
::1 - - [13/Jun/2024:14:56:31 -0300] "GET /calculoimc.php HTTP/1.1" 200 459
::1 - - [13/Jun/2024:14:56:34 -0300] "POST /calculoimc.php HTTP/1.1" 200 1932
::1 - - [13/Jun/2024:14:58:09 -0300] "POST /calculoimc.php HTTP/1.1" 200 1909
::1 - - [13/Jun/2024:14:58:17 -0300] "POST /calculoimc.php HTTP/1.1" 200 1907
::1 - - [13/Jun/2024:14:58:22 -0300] "POST /calculoimc.php HTTP/1.1" 200 1907
::1 - - [13/Jun/2024:14:58:24 -0300] "POST /calculoimc.php HTTP/1.1" 200 1907
::1 - - [13/Jun/2024:14:58:27 -0300] "POST /calculoimc.php HTTP/1.1" 200 1906
::1 - - [13/Jun/2024:14:58:29 -0300] "POST /calculoimc.php HTTP/1.1" 200 1906
